{
  "stats": {
    "suites": 1,
    "tests": 2,
    "passes": 1,
    "pending": 0,
    "failures": 1,
    "start": "2023-10-02T14:59:50.273Z",
    "end": "2023-10-02T14:59:51.582Z",
    "duration": 1309,
    "testsRegistered": 2,
    "passPercent": 50,
    "pendingPercent": 0,
    "other": 0,
    "hasOther": false,
    "skipped": 0,
    "hasSkipped": false
  },
  "results": [
    {
      "uuid": "195b1ffb-bec2-4d98-9655-bd0679bad873",
      "title": "",
      "fullFile": "E:\\BELAJAR\\automation\\myskill-QAautomation-porto\\live--APITest\\test\\api\\chaiAssert.js",
      "file": "\\test\\api\\chaiAssert.js",
      "beforeHooks": [],
      "afterHooks": [],
      "tests": [],
      "suites": [
        {
          "uuid": "b15ad59b-951d-4521-be80-f4f2c9b258f4",
          "title": "Post contoh request",
          "fullFile": "E:\\BELAJAR\\automation\\myskill-QAautomation-porto\\live--APITest\\test\\api\\chaiAssert.js",
          "file": "\\test\\api\\chaiAssert.js",
          "beforeHooks": [],
          "afterHooks": [],
          "tests": [
            {
              "title": "response status equal to 201",
              "fullTitle": "Post contoh request response status equal to 201",
              "timedOut": false,
              "duration": 1208,
              "state": "passed",
              "speed": "slow",
              "pass": true,
              "fail": false,
              "pending": false,
              "context": null,
              "code": "//check response status harus 201\nexpect((await response).status).to.equal(201)",
              "err": {},
              "uuid": "4ef5d15d-e591-4254-94a8-a8f5c6bc4e99",
              "parentUUID": "b15ad59b-951d-4521-be80-f4f2c9b258f4",
              "isHook": false,
              "skipped": false
            },
            {
              "title": "response body to haveOwnProperty",
              "fullTitle": "Post contoh request response body to haveOwnProperty",
              "timedOut": false,
              "duration": 25,
              "state": "failed",
              "speed": null,
              "pass": false,
              "fail": true,
              "pending": false,
              "context": null,
              "code": "//expect dalam body ada value message\n       expect((await response).body).to.haveOwnProperty('name,ID')",
              "err": {
                "message": "AssertionError: expected { name: 'koko', …(3) } to have own property 'name,ID'",
                "estack": "AssertionError: expected { name: 'koko', …(3) } to have own property 'name,ID'\n    at Context.<anonymous> (test\\api\\chaiAssert.js:17:42)",
                "diff": null
              },
              "uuid": "0094a85d-f70c-40ff-8d68-87c7156f14dd",
              "parentUUID": "b15ad59b-951d-4521-be80-f4f2c9b258f4",
              "isHook": false,
              "skipped": false
            }
          ],
          "suites": [],
          "passes": [
            "4ef5d15d-e591-4254-94a8-a8f5c6bc4e99"
          ],
          "failures": [
            "0094a85d-f70c-40ff-8d68-87c7156f14dd"
          ],
          "pending": [],
          "skipped": [],
          "duration": 1233,
          "root": false,
          "rootEmpty": false,
          "_timeout": 2000
        }
      ],
      "passes": [],
      "failures": [],
      "pending": [],
      "skipped": [],
      "duration": 0,
      "root": true,
      "rootEmpty": true,
      "_timeout": 2000
    }
  ],
  "meta": {
    "mocha": {
      "version": "10.2.0"
    },
    "mochawesome": {
      "options": {
        "quiet": false,
        "reportFilename": "mochawesome",
        "saveHtml": true,
        "saveJson": true,
        "consoleReporter": "spec",
        "useInlineDiffs": false,
        "code": true
      },
      "version": "7.1.3"
    },
    "marge": {
      "options": null,
      "version": "6.2.0"
    }
  }
}